<?xml version="1.0" encoding="UTF-8"?>
<!-- Generated by org.testng.reporters.JUnitXMLReporter -->
<testsuite ignored="0" hostname="YuvalsLaptop" failures="0" tests="4" name="gcloud-storage-tests" time="15.373" errors="0" timestamp="2025-02-27T19:16:55 IST">
  <testcase classname="com.mendio.gcloud.HashTest" name="testHashCommand" time="2.099"/>
  <testcase classname="com.mendio.gcloud.LsTest" name="testLsCommand" time="2.015"/>
  <testcase classname="com.mendio.gcloud.CatTest" name="testCatCommand" time="2.362"/>
  <testcase classname="com.mendio.gcloud.SignUrlTest" name="testSignUrl" time="8.868"/>
</testsuite> <!-- gcloud-storage-tests -->
