<?xml version="1.0" encoding="UTF-8"?>
<testng-results ignored="0" total="4" passed="4" failed="0" skipped="0">
  <reporter-output>
  </reporter-output>
  <suite started-at="2025-02-27T19:16:40 IST" name="TestSuite" finished-at="2025-02-27T19:16:55 IST" duration-ms="15373">
    <groups>
    </groups>
    <test started-at="2025-02-27T19:16:40 IST" name="gcloud-storage-tests" finished-at="2025-02-27T19:16:55 IST" duration-ms="15373">
      <class name="com.mendio.gcloud.SignUrlTest">
        <test-method signature="testSignUrl()[pri:0, instance:com.mendio.gcloud.SignUrlTest@27ae2fd0]" started-at="2025-02-27T19:16:46 IST" name="testSignUrl" finished-at="2025-02-27T19:16:55 IST" duration-ms="8868" status="PASS">
          <reporter-output>
          </reporter-output>
        </test-method> <!-- testSignUrl -->
      </class> <!-- com.mendio.gcloud.SignUrlTest -->
      <class name="com.mendio.gcloud.HashTest">
        <test-method signature="testHashCommand()[pri:0, instance:com.mendio.gcloud.HashTest@3b07a0d6]" started-at="2025-02-27T19:16:40 IST" name="testHashCommand" finished-at="2025-02-27T19:16:42 IST" duration-ms="2099" status="PASS">
          <reporter-output>
          </reporter-output>
        </test-method> <!-- testHashCommand -->
      </class> <!-- com.mendio.gcloud.HashTest -->
      <class name="com.mendio.gcloud.LsTest">
        <test-method signature="testLsCommand()[pri:0, instance:com.mendio.gcloud.LsTest@79efed2d]" started-at="2025-02-27T19:16:42 IST" name="testLsCommand" finished-at="2025-02-27T19:16:44 IST" duration-ms="2015" status="PASS">
          <reporter-output>
          </reporter-output>
        </test-method> <!-- testLsCommand -->
      </class> <!-- com.mendio.gcloud.LsTest -->
      <class name="com.mendio.gcloud.CatTest">
        <test-method signature="testCatCommand()[pri:0, instance:com.mendio.gcloud.CatTest@2928854b]" started-at="2025-02-27T19:16:44 IST" name="testCatCommand" finished-at="2025-02-27T19:16:46 IST" duration-ms="2362" status="PASS">
          <reporter-output>
          </reporter-output>
        </test-method> <!-- testCatCommand -->
      </class> <!-- com.mendio.gcloud.CatTest -->
    </test> <!-- gcloud-storage-tests -->
  </suite> <!-- TestSuite -->
</testng-results>
