<?xml version="1.0" encoding="UTF-8"?>
<testsuite xmlns:xsi="http://www.w3.org/2001/XMLSchema-instance" xsi:noNamespaceSchemaLocation="https://maven.apache.org/surefire/maven-surefire-plugin/xsd/surefire-test-report-3.0.xsd" version="3.0" name="TestSuite" time="15.762" tests="4" errors="0" skipped="0" failures="0">
  <properties>
[...]
</properties>
  <testcase name="testHashCommand" classname="com.mendio.gcloud.HashTest" time="2.103">
    <system-out><![CDATA[gcloud hash output:
---
crc32c_hash: KE7nfw==
digest_format: base64
md5_hash: pYkKzjCj6E2RGBlsFhruwg==
url: gs://simple_bucket_for_testing/testfile.txt

]]></system-out>
  </testcase>
  <testcase name="testLsCommand" classname="com.mendio.gcloud.LsTest" time="2.016">
    <system-out><![CDATA[gcloud ls output:
gs://simple_bucket_for_testing/testfile.txt

]]></system-out>
  </testcase>
  <testcase name="testCatCommand" classname="com.mendio.gcloud.CatTest" time="2.363">
    <system-out><![CDATA[gcloud cat output:
this is a test file

]]></system-out>
  </testcase>
  <testcase name="testSignUrl" classname="com.mendio.gcloud.SignUrlTest" time="8.905">
    <system-out><![CDATA[gcloud output line: ---
gcloud output line: expiration: '2025-02-27 18:16:48'
gcloud output line: http_verb: GET
gcloud output line: resource: gs://simple_bucket_for_testing/testfile.txt
gcloud output line: signed_url: https://storage.googleapis.com/simple_bucket_for_testing/testfile.txt?x-goog-signature=54c9a6f6e6224521dcf8d5415bcf2477bc91a8ecf4e9b4f6c0bad86490f83d5694bf787b0a7779fd5ce4b29d095abdad4b44c41ee12692714f466620b1444cfdb1013bfc65048fde9a94bab477888dfea0459ac76fa5aa5771d5aa627a433b72496e0d9ba5ab808d012d1895d4dc7f8d70ca4dddf929f356fbc40a0c9da1ca18cf193984516f654ebbf0665ab9f17f621ab601999889597d9ca52b7682a614687bf443d37732080917fd384178e7e1da3aa54e7a1fffea51c949505a68c2a45031cacba263560cb51710a7b833315b4f7d73c7342cd64fbf86351c0dd1502c321150a988510ddd6721bda82b5cb3185093cb9b07715d1b9d202f79b5952001b7&x-goog-algorithm=GOOG4-RSA-SHA256&x-goog-credential=mendiotesting%40mend-io-gcloud-cli-testing.iam.gserviceaccount.com%2F20250227%2Fus%2Fstorage%2Fgoog4_request&x-goog-date=20250227T171648Z&x-goog-expires=3600&x-goog-signedheaders=host
gcloud command exit code: 0
Generated Signed URL: https://storage.googleapis.com/simple_bucket_for_testing/testfile.txt?x-goog-signature=54c9a6f6e6224521dcf8d5415bcf2477bc91a8ecf4e9b4f6c0bad86490f83d5694bf787b0a7779fd5ce4b29d095abdad4b44c41ee12692714f466620b1444cfdb1013bfc65048fde9a94bab477888dfea0459ac76fa5aa5771d5aa627a433b72496e0d9ba5ab808d012d1895d4dc7f8d70ca4dddf929f356fbc40a0c9da1ca18cf193984516f654ebbf0665ab9f17f621ab601999889597d9ca52b7682a614687bf443d37732080917fd384178e7e1da3aa54e7a1fffea51c949505a68c2a45031cacba263560cb51710a7b833315b4f7d73c7342cd64fbf86351c0dd1502c321150a988510ddd6721bda82b5cb3185093cb9b07715d1b9d202f79b5952001b7&x-goog-algorithm=GOOG4-RSA-SHA256&x-goog-credential=mendiotesting%40mend-io-gcloud-cli-testing.iam.gserviceaccount.com%2F20250227%2Fus%2Fstorage%2Fgoog4_request&x-goog-date=20250227T171648Z&x-goog-expires=3600&x-goog-signedheaders=host
Launching browser...
Browser launched.
Navigating to: https://storage.googleapis.com/simple_bucket_for_testing/testfile.txt?x-goog-signature=54c9a6f6e6224521dcf8d5415bcf2477bc91a8ecf4e9b4f6c0bad86490f83d5694bf787b0a7779fd5ce4b29d095abdad4b44c41ee12692714f466620b1444cfdb1013bfc65048fde9a94bab477888dfea0459ac76fa5aa5771d5aa627a433b72496e0d9ba5ab808d012d1895d4dc7f8d70ca4dddf929f356fbc40a0c9da1ca18cf193984516f654ebbf0665ab9f17f621ab601999889597d9ca52b7682a614687bf443d37732080917fd384178e7e1da3aa54e7a1fffea51c949505a68c2a45031cacba263560cb51710a7b833315b4f7d73c7342cd64fbf86351c0dd1502c321150a988510ddd6721bda82b5cb3185093cb9b07715d1b9d202f79b5952001b7&x-goog-algorithm=GOOG4-RSA-SHA256&x-goog-credential=mendiotesting%40mend-io-gcloud-cli-testing.iam.gserviceaccount.com%2F20250227%2Fus%2Fstorage%2Fgoog4_request&x-goog-date=20250227T171648Z&x-goog-expires=3600&x-goog-signedheaders=host
Navigation complete.
Page content: this is a test file
]]></system-out>
    <system-err><![CDATA[gcloud error output: 
]]></system-err>
  </testcase>
</testsuite>